{
  "Cucumber Features": {
    "coverage": {
      "/Users/brittanycheng/Dropbox/2012FALL/CS169 saas/tixbay/app/controllers/application_controller.rb": [
        1,
        1,
        null
      ],
      "/Users/brittanycheng/Dropbox/2012FALL/CS169 saas/tixbay/app/helpers/application_helper.rb": [
        1,
        null
      ],
      "/Users/brittanycheng/Dropbox/2012FALL/CS169 saas/tixbay/app/helpers/tixbay_helper.rb": [
        1,
        null
      ],
      "/Users/brittanycheng/Dropbox/2012FALL/CS169 saas/tixbay/app/controllers/tixbay_controller.rb": [
        1,
        1,
        0,
        null,
        1,
        11,
        11,
        11,
        11,
        22,
        null,
        11,
        null,
        1,
        1,
        1,
        1,
        1,
        2,
        null,
        1,
        null,
        1,
        1,
        1,
        1,
        null,
        null,
        1,
        0,
        null,
        0,
        0,
        0,
        0,
        null,
        0,
        null,
        null
      ],
      "/Users/brittanycheng/Dropbox/2012FALL/CS169 saas/tixbay/app/models/category.rb": [
        1,
        1,
        null
      ],
      "/Users/brittanycheng/Dropbox/2012FALL/CS169 saas/tixbay/app/models/event.rb": [
        1,
        1,
        null,
        1,
        null,
        1,
        28,
        28,
        null,
        null,
        null,
        1,
        28,
        28,
        0,
        0,
        28,
        28,
        28,
        28,
        28,
        28,
        null,
        null,
        null,
        null,
        null,
        null,
        null,
        null,
        1,
        28,
        null,
        null,
        null,
        1,
        84,
        252,
        null,
        252,
        252,
        252,
        84,
        84,
        null,
        252,
        null,
        null,
        null,
        null,
        1,
        28,
        null,
        28,
        28,
        42,
        42,
        null,
        28,
        null,
        null,
        null,
        1,
        28,
        28,
        28,
        49,
        49,
        49,
        0,
        null,
        49,
        49,
        null,
        28,
        null,
        null,
        null,
        1,
        null,
        56,
        56,
        7,
        49,
        7,
        null,
        42,
        null,
        42,
        null,
        56,
        56,
        56,
        35,
        null,
        35,
        null,
        56,
        56,
        null,
        null,
        null,
        1,
        28,
        null,
        28,
        null,
        null,
        null,
        1,
        null,
        0,
        null,
        0,
        null,
        0,
        0,
        0,
        0,
        null,
        0,
        null,
        null,
        null,
        0,
        null,
        null,
        null,
        0,
        0,
        0,
        null,
        null,
        null,
        null,
        1,
        0,
        0,
        0,
        null,
        0,
        null,
        null,
        null,
        1,
        28,
        28,
        28,
        null,
        null,
        28,
        28,
        null,
        null,
        28,
        28,
        null,
        null,
        28,
        null,
        28,
        28,
        null,
        28,
        null,
        null,
        1,
        28,
        28,
        null,
        28,
        28,
        null,
        null,
        28,
        null,
        28,
        0,
        0,
        null,
        null,
        null,
        28,
        null,
        null,
        28,
        null,
        28,
        null,
        28,
        null,
        null,
        null,
        28,
        null,
        28,
        null,
        null,
        null,
        28,
        28,
        null,
        28,
        28,
        28,
        null,
        null,
        null,
        null,
        1,
        null,
        28,
        null,
        28,
        49,
        null,
        49,
        null,
        null,
        null,
        null,
        1,
        28,
        42,
        null,
        null,
        42,
        42,
        7,
        null,
        35,
        null,
        null,
        null,
        null,
        null
      ],
      "/Users/brittanycheng/Dropbox/2012FALL/CS169 saas/tixbay/app/models/show.rb": [
        1,
        1,
        1,
        null,
        1,
        1,
        1,
        1,
        null,
        null,
        1,
        null,
        7,
        7,
        7,
        28,
        28,
        null,
        null,
        null,
        null,
        1,
        null,
        72,
        216,
        2,
        null,
        44,
        null,
        170,
        170,
        90,
        null,
        170,
        170,
        null,
        null,
        72,
        72,
        72,
        36,
        36,
        null,
        72,
        72,
        49,
        null,
        72,
        null,
        null,
        null,
        1,
        36,
        36,
        59,
        null,
        36,
        36,
        36,
        36,
        36,
        23,
        null,
        36,
        null,
        null,
        null
      ],
      "/Users/brittanycheng/Dropbox/2012FALL/CS169 saas/tixbay/app/models/showtime.rb": [
        1,
        1,
        null,
        null
      ],
      "/Users/brittanycheng/Dropbox/2012FALL/CS169 saas/tixbay/app/models/venue.rb": [
        1,
        1,
        null,
        null,
        1,
        36,
        null,
        36,
        null,
        null,
        null
      ]
    },
    "timestamp": 1351292466
  },
  "RSpec": {
    "coverage": {
      "/Users/brittanycheng/Dropbox/2012FALL/CS169 saas/tixbay/app/controllers/application_controller.rb": [
        1,
        1,
        null
      ],
      "/Users/brittanycheng/Dropbox/2012FALL/CS169 saas/tixbay/app/helpers/application_helper.rb": [
        1,
        null
      ],
      "/Users/brittanycheng/Dropbox/2012FALL/CS169 saas/tixbay/app/helpers/tixbay_helper.rb": [
        1,
        null
      ],
      "/Users/brittanycheng/Dropbox/2012FALL/CS169 saas/tixbay/app/controllers/tixbay_controller.rb": [
        1,
        1,
        0,
        null,
        1,
        0,
        0,
        0,
        null,
        1,
        0,
        0,
        0,
        null,
        1,
        0,
        0,
        0,
        null,
        1,
        0,
        0,
        0,
        null,
        null
      ],
      "/Users/brittanycheng/Dropbox/2012FALL/CS169 saas/tixbay/app/models/category.rb": [
        1,
        1,
        null
      ],
      "/Users/brittanycheng/Dropbox/2012FALL/CS169 saas/tixbay/app/models/event.rb": [
        1,
        1,
        null,
        1,
        null,
        1,
        22,
        22,
        null,
        null,
        null,
        1,
        4,
        4,
        2,
        2,
        null,
        2,
        2,
        2,
        2,
        2,
        null,
        null,
        null,
        null,
        null,
        null,
        null,
        null,
        1,
        1,
        null,
        null,
        null,
        1,
        9,
        22,
        null,
        22,
        22,
        22,
        7,
        7,
        null,
        22,
        null,
        null,
        null,
        null,
        1,
        0,
        null,
        null,
        null,
        1,
        3,
        3,
        3,
        3,
        3,
        null,
        3,
        null,
        3,
        null,
        null,
        null,
        1,
        null,
        7,
        7,
        3,
        4,
        1,
        null,
        3,
        null,
        3,
        null,
        7,
        7,
        7,
        3,
        null,
        3,
        null,
        7,
        7,
        null,
        null,
        null,
        1,
        4,
        null,
        4,
        null,
        null,
        null,
        1,
        null,
        3,
        null,
        3,
        null,
        3,
        3,
        3,
        3,
        null,
        1,
        null,
        null,
        null,
        3,
        null,
        null,
        null,
        3,
        2,
        1,
        null,
        null,
        null,
        null,
        1,
        2,
        2,
        2,
        null,
        2,
        null,
        null,
        null,
        1,
        2,
        2,
        2,
        null,
        null,
        2,
        2,
        null,
        null,
        2,
        2,
        null,
        null,
        2,
        null,
        2,
        2,
        null,
        2,
        null,
        null,
        1,
        3,
        3,
        null,
        3,
        3,
        null,
        null,
        3,
        null,
        3,
        1,
        1,
        null,
        null,
        null,
        2,
        null,
        null,
        2,
        null,
        2,
        null,
        2,
        null,
        null,
        null,
        2,
        null,
        2,
        null,
        null,
        null,
        2,
        2,
        null,
        2,
        2,
        2,
        null,
        null,
        null,
        null,
        1,
        null,
        2,
        null,
        2,
        2,
        null,
        2,
        null,
        null,
        null,
        null,
        1,
        3,
        3,
        null,
        null,
        3,
        3,
        1,
        null,
        2,
        null,
        null,
        null,
        null,
        null
      ],
      "/Users/brittanycheng/Dropbox/2012FALL/CS169 saas/tixbay/app/models/show.rb": [
        1,
        1,
        1,
        null,
        1,
        1,
        1,
        1,
        null,
        null,
        1,
        4,
        4,
        4,
        3,
        3,
        null,
        null,
        null,
        null
      ],
      "/Users/brittanycheng/Dropbox/2012FALL/CS169 saas/tixbay/app/models/showtime.rb": [
        1,
        1,
        null,
        null
      ],
      "/Users/brittanycheng/Dropbox/2012FALL/CS169 saas/tixbay/app/models/venue.rb": [
        1,
        1,
        null
      ]
    },
    "timestamp": 1351050005
  }
}
